<?xml version="1.0" encoding="UTF-8"?>
<!-- Generated by org.testng.reporters.JUnitReportReporter -->
<testsuite hostname="DESKTOP-SI31G4B" failures="0" tests="3" name="Runners.TestRunner" time="47.915" errors="0" timestamp="2023-05-11T16:55:40 EET" skipped="0">
  <testcase classname="Runners.TestRunner" name="runScenario" time="17.875"/>
  <system-out/>
  <testcase classname="Runners.TestRunner" name="runScenario" time="13.259"/>
  <system-out/>
  <testcase classname="Runners.TestRunner" name="runScenario" time="16.781"/>
  <system-out/>
</testsuite> <!-- Runners.TestRunner -->
